app/build/intermediates/manifest_merge_blame_file/debug/manifest-merger-blame-debug-report.txt
1<?xml version="1.0" encoding="utf-8"?>
2<manifest xmlns:android="http://schemas.android.com/apk/res/android"
3    package="com.A0053718.mobile_ica"
4    android:versionCode="1"
5    android:versionName="1.0" >
6
7    <uses-sdk
8        android:minSdkVersion="26"
8-->src\main\AndroidManifest.xml
9        android:targetSdkVersion="32" />
9-->src\main\AndroidManifest.xml
10
11    <application
11-->src\main\AndroidManifest.xml:5:5-43:19
12        android:allowBackup="true"
12-->src\main\AndroidManifest.xml:6:9-35
13        android:appComponentFactory="androidx.core.app.CoreComponentFactory"
13-->[androidx.core:core:1.7.0] AndroidManifest.xml:24:18-86
14        android:dataExtractionRules="@xml/data_extraction_rules"
14-->src\main\AndroidManifest.xml:7:9-65
15        android:debuggable="true"
16        android:extractNativeLibs="false"
17        android:fullBackupContent="@xml/backup_rules"
17-->src\main\AndroidManifest.xml:8:9-54
18        android:icon="@mipmap/ic_launcher"
18-->src\main\AndroidManifest.xml:9:9-43
19        android:label="@string/app_name"
19-->src\main\AndroidManifest.xml:10:9-41
20        android:roundIcon="@mipmap/ic_launcher_round"
20-->src\main\AndroidManifest.xml:11:9-54
21        android:supportsRtl="true"
21-->src\main\AndroidManifest.xml:12:9-35
22        android:testOnly="true"
23        android:theme="@style/Theme.Mobile_ICA" >
23-->src\main\AndroidManifest.xml:13:9-48
24        <activity
24-->src\main\AndroidManifest.xml:15:9-21:20
25            android:name="com.A0053718.mobile_ica.Game"
25-->src\main\AndroidManifest.xml:16:13-33
26            android:exported="false" >
26-->src\main\AndroidManifest.xml:17:13-37
27            <meta-data
27-->src\main\AndroidManifest.xml:18:13-20:36
28                android:name="android.app.lib_name"
28-->src\main\AndroidManifest.xml:19:17-52
29                android:value="" />
29-->src\main\AndroidManifest.xml:20:17-33
30        </activity>
31        <activity
31-->src\main\AndroidManifest.xml:22:9-29:20
32            android:name="com.A0053718.mobile_ica.Options_Menu"
32-->src\main\AndroidManifest.xml:23:13-41
33            android:exported="false" >
33-->src\main\AndroidManifest.xml:24:13-37
34            <meta-data
34-->src\main\AndroidManifest.xml:18:13-20:36
35                android:name="android.app.lib_name"
35-->src\main\AndroidManifest.xml:19:17-52
36                android:parentActivityName=".MainActivity"
36-->src\main\AndroidManifest.xml:27:17-59
37                android:value="" />
37-->src\main\AndroidManifest.xml:20:17-33
38        </activity>
39        <activity
39-->src\main\AndroidManifest.xml:30:9-42:20
40            android:name="com.A0053718.mobile_ica.MainActivity"
40-->src\main\AndroidManifest.xml:31:13-41
41            android:exported="true" >
41-->src\main\AndroidManifest.xml:32:13-36
42            <intent-filter>
42-->src\main\AndroidManifest.xml:33:13-37:29
43                <action android:name="android.intent.action.MAIN" />
43-->src\main\AndroidManifest.xml:34:17-69
43-->src\main\AndroidManifest.xml:34:25-66
44
45                <category android:name="android.intent.category.LAUNCHER" />
45-->src\main\AndroidManifest.xml:36:17-77
45-->src\main\AndroidManifest.xml:36:27-74
46            </intent-filter>
47
48            <meta-data
48-->src\main\AndroidManifest.xml:18:13-20:36
49                android:name="android.app.lib_name"
49-->src\main\AndroidManifest.xml:19:17-52
50                android:value="" />
50-->src\main\AndroidManifest.xml:20:17-33
51        </activity>
52
53        <provider
53-->[androidx.emoji2:emoji2:1.0.0] AndroidManifest.xml:26:9-34:20
54            android:name="androidx.startup.InitializationProvider"
54-->[androidx.emoji2:emoji2:1.0.0] AndroidManifest.xml:27:13-67
55            android:authorities="com.A0053718.mobile_ica.androidx-startup"
55-->[androidx.emoji2:emoji2:1.0.0] AndroidManifest.xml:28:13-68
56            android:exported="false" >
56-->[androidx.emoji2:emoji2:1.0.0] AndroidManifest.xml:29:13-37
57            <meta-data
57-->[androidx.emoji2:emoji2:1.0.0] AndroidManifest.xml:31:13-33:52
58                android:name="androidx.emoji2.text.EmojiCompatInitializer"
58-->[androidx.emoji2:emoji2:1.0.0] AndroidManifest.xml:32:17-75
59                android:value="androidx.startup" />
59-->[androidx.emoji2:emoji2:1.0.0] AndroidManifest.xml:33:17-49
60            <meta-data
60-->[androidx.lifecycle:lifecycle-process:2.4.0] AndroidManifest.xml:31:13-33:52
61                android:name="androidx.lifecycle.ProcessLifecycleInitializer"
61-->[androidx.lifecycle:lifecycle-process:2.4.0] AndroidManifest.xml:32:17-78
62                android:value="androidx.startup" />
62-->[androidx.lifecycle:lifecycle-process:2.4.0] AndroidManifest.xml:33:17-49
63        </provider>
64    </application>
65
66</manifest>